0 info it worked if it ends with ok
1 verbose cli [ 'node',
1 verbose cli   '/usr/local/bin/npm',
1 verbose cli   'install',
1 verbose cli   'active-directory',
1 verbose cli   '--save' ]
2 info using npm@1.4.28
3 info using node@v0.10.33
4 verbose readDependencies using package.json deps
5 verbose cache add [ 'active-directory', null ]
6 verbose cache add name=undefined spec="active-directory" args=["active-directory",null]
7 verbose parsed url { protocol: null,
7 verbose parsed url   slashes: null,
7 verbose parsed url   auth: null,
7 verbose parsed url   host: null,
7 verbose parsed url   port: null,
7 verbose parsed url   hostname: null,
7 verbose parsed url   hash: null,
7 verbose parsed url   search: null,
7 verbose parsed url   query: null,
7 verbose parsed url   pathname: 'active-directory',
7 verbose parsed url   path: 'active-directory',
7 verbose parsed url   href: 'active-directory' }
8 silly lockFile d3eabb12-active-directory active-directory
9 verbose lock active-directory /Users/a1021420/.npm/d3eabb12-active-directory.lock
10 silly lockFile d3eabb12-active-directory active-directory
11 silly lockFile d3eabb12-active-directory active-directory
12 verbose addNamed [ 'active-directory', '' ]
13 verbose addNamed [ null, '*' ]
14 silly lockFile 8b4610b0-active-directory active-directory@
15 verbose lock active-directory@ /Users/a1021420/.npm/8b4610b0-active-directory.lock
16 silly addNameRange { name: 'active-directory', range: '*', hasData: false }
17 verbose request where is /active-directory
18 verbose request registry https://registry.npmjs.org/
19 verbose request id 111c00bb5117b7da
20 verbose url raw /active-directory
21 verbose url resolving [ 'https://registry.npmjs.org/', './active-directory' ]
22 verbose url resolved https://registry.npmjs.org/active-directory
23 verbose request where is https://registry.npmjs.org/active-directory
24 info trying registry request attempt 1 at 14:03:06
25 http GET https://registry.npmjs.org/active-directory
26 http 404 https://registry.npmjs.org/active-directory
27 verbose headers { date: 'Mon, 20 Apr 2015 19:03:00 GMT',
27 verbose headers   server: 'CouchDB/1.5.0 (Erlang OTP/R16B03)',
27 verbose headers   'content-type': 'application/json',
27 verbose headers   'cache-control': 'max-age=0',
27 verbose headers   'content-length': '51',
27 verbose headers   'accept-ranges': 'bytes',
27 verbose headers   via: '1.1 varnish',
27 verbose headers   age: '0',
27 verbose headers   'x-served-by': 'cache-dfw1829-DFW',
27 verbose headers   'x-cache': 'MISS',
27 verbose headers   'x-cache-hits': '0',
27 verbose headers   'x-timer': 'S1429556580.582718,VS0,VE189',
27 verbose headers   'keep-alive': 'timeout=10, max=50',
27 verbose headers   connection: 'Keep-Alive' }
28 silly registry.get cb [ 404,
28 silly registry.get   { date: 'Mon, 20 Apr 2015 19:03:00 GMT',
28 silly registry.get     server: 'CouchDB/1.5.0 (Erlang OTP/R16B03)',
28 silly registry.get     'content-type': 'application/json',
28 silly registry.get     'cache-control': 'max-age=0',
28 silly registry.get     'content-length': '51',
28 silly registry.get     'accept-ranges': 'bytes',
28 silly registry.get     via: '1.1 varnish',
28 silly registry.get     age: '0',
28 silly registry.get     'x-served-by': 'cache-dfw1829-DFW',
28 silly registry.get     'x-cache': 'MISS',
28 silly registry.get     'x-cache-hits': '0',
28 silly registry.get     'x-timer': 'S1429556580.582718,VS0,VE189',
28 silly registry.get     'keep-alive': 'timeout=10, max=50',
28 silly registry.get     connection: 'Keep-Alive' } ]
29 silly lockFile 8b4610b0-active-directory active-directory@
30 silly lockFile 8b4610b0-active-directory active-directory@
31 error 404 404 Not Found: active-directory
31 error 404
31 error 404 'active-directory' is not in the npm registry.
31 error 404 You should bug the author to publish it
31 error 404 It was specified as a dependency of 'bestbuylogin'
31 error 404
31 error 404 Note that you can also install from a
31 error 404 tarball, folder, or http url, or git url.
32 error System Darwin 13.4.0
33 error command "node" "/usr/local/bin/npm" "install" "active-directory" "--save"
34 error cwd /Users/a1021420/Dropbox/Projects/node/bestbuylogin
35 error node -v v0.10.33
36 error npm -v 1.4.28
37 error code E404
38 verbose exit [ 1, true ]
